TN:
SF:types.ts
FN:14,(anonymous_0)
FN:157,(anonymous_1)
FNF:2
FNH:1
FNDA:1,(anonymous_0)
FNDA:0,(anonymous_1)
DA:14,1
DA:15,1
DA:16,1
DA:17,1
DA:18,1
DA:156,1
DA:159,0
DA:160,0
DA:162,0
DA:163,0
LF:10
LH:6
BRDA:14,0,0,1
BRDA:14,0,1,1
BRF:2
BRH:2
end_of_record
TN:
SF:version-comparison.ts
FN:26,(anonymous_0)
FN:54,(anonymous_1)
FN:87,(anonymous_2)
FN:101,(anonymous_3)
FN:124,(anonymous_4)
FN:142,(anonymous_5)
FN:232,(anonymous_6)
FN:291,(anonymous_7)
FN:325,(anonymous_8)
FN:354,(anonymous_9)
FN:359,(anonymous_10)
FN:367,(anonymous_11)
FN:368,(anonymous_12)
FN:376,(anonymous_13)
FN:377,(anonymous_14)
FN:378,(anonymous_15)
FN:385,(anonymous_16)
FN:387,(anonymous_17)
FN:395,(anonymous_18)
FN:404,(anonymous_19)
FN:409,(anonymous_20)
FN:417,(anonymous_21)
FN:444,(anonymous_22)
FNF:23
FNH:23
FNDA:88,(anonymous_0)
FNDA:43,(anonymous_1)
FNDA:28,(anonymous_2)
FNDA:6,(anonymous_3)
FNDA:8,(anonymous_4)
FNDA:4,(anonymous_5)
FNDA:4,(anonymous_6)
FNDA:3,(anonymous_7)
FNDA:2,(anonymous_8)
FNDA:3,(anonymous_9)
FNDA:3,(anonymous_10)
FNDA:3,(anonymous_11)
FNDA:16,(anonymous_12)
FNDA:4,(anonymous_13)
FNDA:8,(anonymous_14)
FNDA:12,(anonymous_15)
FNDA:4,(anonymous_16)
FNDA:12,(anonymous_17)
FNDA:4,(anonymous_18)
FNDA:3,(anonymous_19)
FNDA:2,(anonymous_20)
FNDA:2,(anonymous_21)
FNDA:3,(anonymous_22)
DA:21,1
DA:28,88
DA:31,88
DA:32,88
DA:34,88
DA:35,5
DA:38,83
DA:40,83
DA:56,43
DA:57,16
DA:60,27
DA:61,12
DA:64,15
DA:65,3
DA:69,12
DA:70,3
DA:73,9
DA:74,1
DA:77,8
DA:78,4
DA:81,4
DA:88,28
DA:89,28
DA:90,26
DA:91,26
DA:94,2
DA:102,6
DA:103,6
DA:105,6
DA:107,6
DA:108,1
DA:119,5
DA:120,1
DA:123,4
DA:124,8
DA:125,4
DA:126,4
DA:128,4
DA:143,4
DA:146,4
DA:147,1
DA:148,2
DA:152,2
DA:173,4
DA:174,4
DA:176,4
DA:177,3
DA:178,6
DA:182,6
DA:203,4
DA:204,4
DA:206,4
DA:207,4
DA:226,4
DA:233,4
DA:234,4
DA:236,4
DA:237,4
DA:238,4
DA:241,4
DA:242,1
DA:243,1
DA:244,1
DA:254,4
DA:255,4
DA:256,1
DA:266,4
DA:267,1
DA:276,4
DA:278,4
DA:292,3
DA:293,3
DA:295,3
DA:296,3
DA:299,3
DA:300,2
DA:301,2
DA:302,2
DA:306,3
DA:307,3
DA:309,3
DA:310,3
DA:314,3
DA:326,2
DA:327,2
DA:328,2
DA:330,2
DA:332,2
DA:333,1
DA:334,1
DA:336,1
DA:337,1
DA:339,0
DA:342,2
DA:355,3
DA:356,1
DA:359,2
DA:360,3
DA:368,16
DA:369,3
DA:377,8
DA:378,12
DA:380,4
DA:381,3
DA:382,3
DA:386,4
DA:387,12
DA:388,4
DA:390,4
DA:391,1
DA:392,1
DA:400,4
DA:401,1
DA:404,3
DA:405,3
DA:406,1
DA:409,2
DA:410,2
DA:411,2
DA:414,0
DA:418,2
DA:421,2
DA:422,2
DA:431,2
DA:441,2
DA:445,3
DA:448,3
DA:449,2
DA:459,3
DA:460,0
DA:470,3
LF:131
LH:128
BRDA:34,0,0,5
BRDA:34,0,1,83
BRDA:56,1,0,16
BRDA:56,1,1,27
BRDA:57,2,0,7
BRDA:57,2,1,9
BRDA:60,3,0,12
BRDA:60,3,1,15
BRDA:61,4,0,7
BRDA:61,4,1,5
BRDA:64,5,0,3
BRDA:64,5,1,12
BRDA:65,6,0,1
BRDA:65,6,1,2
BRDA:69,7,0,3
BRDA:69,7,1,9
BRDA:69,8,0,12
BRDA:69,8,1,7
BRDA:73,9,0,1
BRDA:73,9,1,8
BRDA:73,10,0,9
BRDA:73,10,1,5
BRDA:77,11,0,4
BRDA:77,11,1,4
BRDA:77,12,0,8
BRDA:77,12,1,4
BRDA:107,13,0,1
BRDA:107,13,1,5
BRDA:119,14,0,1
BRDA:119,14,1,4
BRDA:146,15,0,1
BRDA:146,15,1,3
BRDA:148,16,0,1
BRDA:148,16,1,1
BRDA:153,17,0,1
BRDA:153,17,1,1
BRDA:174,18,0,1
BRDA:174,18,1,3
BRDA:176,19,0,3
BRDA:176,19,1,1
BRDA:178,20,0,3
BRDA:178,20,1,3
BRDA:183,21,0,3
BRDA:183,21,1,3
BRDA:184,22,0,1
BRDA:184,22,1,2
BRDA:204,23,0,3
BRDA:204,23,1,1
BRDA:204,24,0,4
BRDA:204,24,1,3
BRDA:206,25,0,4
BRDA:206,25,1,0
BRDA:208,26,0,3
BRDA:208,26,1,1
BRDA:209,27,0,3
BRDA:209,27,1,0
BRDA:209,28,0,3
BRDA:209,28,1,2
BRDA:241,29,0,1
BRDA:241,29,1,3
BRDA:255,30,0,1
BRDA:255,30,1,3
BRDA:255,31,0,4
BRDA:255,31,1,3
BRDA:266,32,0,1
BRDA:266,32,1,3
BRDA:266,33,0,4
BRDA:266,33,1,1
BRDA:299,34,0,2
BRDA:299,34,1,1
BRDA:310,35,0,2
BRDA:310,35,1,1
BRDA:327,36,0,0
BRDA:327,36,1,2
BRDA:327,37,0,1
BRDA:327,37,1,1
BRDA:332,38,0,1
BRDA:332,38,1,1
BRDA:336,39,0,1
BRDA:336,39,1,0
BRDA:355,40,0,1
BRDA:355,40,1,2
BRDA:360,41,0,1
BRDA:360,41,1,2
BRDA:367,42,0,2
BRDA:369,43,0,1
BRDA:369,43,1,2
BRDA:380,44,0,1
BRDA:380,44,1,3
BRDA:380,45,0,4
BRDA:380,45,1,1
BRDA:381,46,0,0
BRDA:381,46,1,3
BRDA:381,47,0,3
BRDA:381,47,1,3
BRDA:390,48,0,3
BRDA:390,48,1,1
BRDA:392,49,0,1
BRDA:392,49,1,0
BRDA:400,50,0,1
BRDA:400,50,1,3
BRDA:405,51,0,1
BRDA:405,51,1,2
BRDA:410,52,0,2
BRDA:410,52,1,0
BRDA:448,53,0,2
BRDA:448,53,1,1
BRDA:448,54,0,3
BRDA:448,54,1,3
BRDA:459,55,0,0
BRDA:459,55,1,3
BRDA:459,56,0,3
BRDA:459,56,1,3
BRF:113
BRH:105
end_of_record
